Determining if the pthread_create exist failed with the following output:
Change Dir: /cs/usr/yoav/semester03/cpp/cppProjects/project03/cmake-build-debug/CMakeFiles/CMakeTmp

Run Build Command:"/usr/bin/make" "cmTC_62b29/fast"
/usr/bin/make -f CMakeFiles/cmTC_62b29.dir/build.make CMakeFiles/cmTC_62b29.dir/build
make[1]: Entering directory '/cs/usr/yoav/semester03/cpp/cppProjects/project03/cmake-build-debug/CMakeFiles/CMakeTmp'
Building C object CMakeFiles/cmTC_62b29.dir/CheckSymbolExists.c.o
/usr/bin/cc    -o CMakeFiles/cmTC_62b29.dir/CheckSymbolExists.c.o   -c /cs/usr/yoav/semester03/cpp/cppProjects/project03/cmake-build-debug/CMakeFiles/CMakeTmp/CheckSymbolExists.c
Linking C executable cmTC_62b29
/usr/local/APP/jetbrains/clion/2018.2.1/bin/cmake/linux/bin/cmake -E cmake_link_script CMakeFiles/cmTC_62b29.dir/link.txt --verbose=1
/usr/bin/cc      -rdynamic CMakeFiles/cmTC_62b29.dir/CheckSymbolExists.c.o  -o cmTC_62b29 
/usr/bin/ld: CMakeFiles/cmTC_62b29.dir/CheckSymbolExists.c.o: in function `main':
CheckSymbolExists.c:(.text+0x1b): undefined reference to `pthread_create'
collect2: error: ld returned 1 exit status
make[1]: *** [CMakeFiles/cmTC_62b29.dir/build.make:87: cmTC_62b29] Error 1
make[1]: Leaving directory '/cs/usr/yoav/semester03/cpp/cppProjects/project03/cmake-build-debug/CMakeFiles/CMakeTmp'
make: *** [Makefile:121: cmTC_62b29/fast] Error 2

File /cs/usr/yoav/semester03/cpp/cppProjects/project03/cmake-build-debug/CMakeFiles/CMakeTmp/CheckSymbolExists.c:
/* */
#include <pthread.h>

int main(int argc, char** argv)
{
  (void)argv;
#ifndef pthread_create
  return ((int*)(&pthread_create))[argc];
#else
  (void)argc;
  return 0;
#endif
}

Determining if the function pthread_create exists in the pthreads failed with the following output:
Change Dir: /cs/usr/yoav/semester03/cpp/cppProjects/project03/cmake-build-debug/CMakeFiles/CMakeTmp

Run Build Command:"/usr/bin/make" "cmTC_36363/fast"
/usr/bin/make -f CMakeFiles/cmTC_36363.dir/build.make CMakeFiles/cmTC_36363.dir/build
make[1]: Entering directory '/cs/usr/yoav/semester03/cpp/cppProjects/project03/cmake-build-debug/CMakeFiles/CMakeTmp'
Building C object CMakeFiles/cmTC_36363.dir/CheckFunctionExists.c.o
/usr/bin/cc   -DCHECK_FUNCTION_EXISTS=pthread_create   -o CMakeFiles/cmTC_36363.dir/CheckFunctionExists.c.o   -c /usr/local/APP/jetbrains/clion/2018.2.1/bin/cmake/linux/share/cmake-3.12/Modules/CheckFunctionExists.c
Linking C executable cmTC_36363
/usr/local/APP/jetbrains/clion/2018.2.1/bin/cmake/linux/bin/cmake -E cmake_link_script CMakeFiles/cmTC_36363.dir/link.txt --verbose=1
/usr/bin/cc  -DCHECK_FUNCTION_EXISTS=pthread_create    -rdynamic CMakeFiles/cmTC_36363.dir/CheckFunctionExists.c.o  -o cmTC_36363 -lpthreads 
/usr/bin/ld: cannot find -lpthreads
collect2: error: ld returned 1 exit status
make[1]: *** [CMakeFiles/cmTC_36363.dir/build.make:87: cmTC_36363] Error 1
make[1]: Leaving directory '/cs/usr/yoav/semester03/cpp/cppProjects/project03/cmake-build-debug/CMakeFiles/CMakeTmp'
make: *** [Makefile:121: cmTC_36363/fast] Error 2


